{"__type":"$$EventMessageAudit","id":"7f04d694-6231-4d3e-985a-4ba02f9e6d16","ts":"2025-05-11T00:47:48.779-04:00","eventName":"n8n.audit.user.login.success","message":"n8n.audit.user.login.success","payload":{"userId":"e7a053b1-2f88-4a8f-8e1d-bef0844dab34","_email":"rj.miklosko@gmail.com","_firstName":"Bob","_lastName":"Miklosko","globalRole":"global:owner","authenticationMethod":"email"}}
{"__type":"$$EventMessageConfirm","confirm":"7f04d694-6231-4d3e-985a-4ba02f9e6d16","ts":"2025-05-11T00:47:48.779-04:00","source":{"id":"0","name":"eventBus"}}
{"__type":"$$EventMessageAudit","id":"2bc3fa0e-3a01-4f8f-8f13-d1b5ed8fdd02","ts":"2025-05-11T18:27:42.692-04:00","eventName":"n8n.audit.workflow.updated","message":"n8n.audit.workflow.updated","payload":{"userId":"e7a053b1-2f88-4a8f-8e1d-bef0844dab34","_email":"rj.miklosko@gmail.com","_firstName":"Bob","_lastName":"Miklosko","globalRole":"global:owner","workflowId":"M5Pd9OpRn1pm9wg8","workflowName":"My workflow"}}
{"__type":"$$EventMessageConfirm","confirm":"2bc3fa0e-3a01-4f8f-8f13-d1b5ed8fdd02","ts":"2025-05-11T18:27:42.693-04:00","source":{"id":"0","name":"eventBus"}}
{"__type":"$$EventMessageAudit","id":"1f4e30dc-2408-437d-8a3b-a6d6fc305a52","ts":"2025-05-11T18:27:46.844-04:00","eventName":"n8n.audit.workflow.updated","message":"n8n.audit.workflow.updated","payload":{"userId":"e7a053b1-2f88-4a8f-8e1d-bef0844dab34","_email":"rj.miklosko@gmail.com","_firstName":"Bob","_lastName":"Miklosko","globalRole":"global:owner","workflowId":"M5Pd9OpRn1pm9wg8","workflowName":"My workflow"}}
{"__type":"$$EventMessageConfirm","confirm":"1f4e30dc-2408-437d-8a3b-a6d6fc305a52","ts":"2025-05-11T18:27:46.845-04:00","source":{"id":"0","name":"eventBus"}}
{"__type":"$$EventMessageAudit","id":"a89d265f-dfb8-4cf9-b7d3-63bf87c8ec45","ts":"2025-05-11T21:02:28.693-04:00","eventName":"n8n.audit.workflow.updated","message":"n8n.audit.workflow.updated","payload":{"userId":"e7a053b1-2f88-4a8f-8e1d-bef0844dab34","_email":"rj.miklosko@gmail.com","_firstName":"Bob","_lastName":"Miklosko","globalRole":"global:owner","workflowId":"M5Pd9OpRn1pm9wg8","workflowName":"My workflow"}}
{"__type":"$$EventMessageConfirm","confirm":"a89d265f-dfb8-4cf9-b7d3-63bf87c8ec45","ts":"2025-05-11T21:02:28.694-04:00","source":{"id":"0","name":"eventBus"}}
{"__type":"$$EventMessageAudit","id":"f9a70c6c-547f-412c-b331-7da94bad4afb","ts":"2025-05-11T21:11:51.763-04:00","eventName":"n8n.audit.workflow.updated","message":"n8n.audit.workflow.updated","payload":{"userId":"e7a053b1-2f88-4a8f-8e1d-bef0844dab34","_email":"rj.miklosko@gmail.com","_firstName":"Bob","_lastName":"Miklosko","globalRole":"global:owner","workflowId":"M5Pd9OpRn1pm9wg8","workflowName":"My workflow"}}
{"__type":"$$EventMessageConfirm","confirm":"f9a70c6c-547f-412c-b331-7da94bad4afb","ts":"2025-05-11T21:11:51.763-04:00","source":{"id":"0","name":"eventBus"}}
{"__type":"$$EventMessageAudit","id":"6ee357a3-f9e5-4128-97f5-3c7f7532148f","ts":"2025-05-11T21:15:55.544-04:00","eventName":"n8n.audit.workflow.updated","message":"n8n.audit.workflow.updated","payload":{"userId":"e7a053b1-2f88-4a8f-8e1d-bef0844dab34","_email":"rj.miklosko@gmail.com","_firstName":"Bob","_lastName":"Miklosko","globalRole":"global:owner","workflowId":"M5Pd9OpRn1pm9wg8","workflowName":"My workflow"}}
{"__type":"$$EventMessageConfirm","confirm":"6ee357a3-f9e5-4128-97f5-3c7f7532148f","ts":"2025-05-11T21:15:55.544-04:00","source":{"id":"0","name":"eventBus"}}
{"__type":"$$EventMessageAudit","id":"fa788dbf-1468-4854-93e7-153ee5f88a05","ts":"2025-05-11T21:31:43.862-04:00","eventName":"n8n.audit.workflow.updated","message":"n8n.audit.workflow.updated","payload":{"userId":"e7a053b1-2f88-4a8f-8e1d-bef0844dab34","_email":"rj.miklosko@gmail.com","_firstName":"Bob","_lastName":"Miklosko","globalRole":"global:owner","workflowId":"M5Pd9OpRn1pm9wg8","workflowName":"My workflow"}}
{"__type":"$$EventMessageConfirm","confirm":"fa788dbf-1468-4854-93e7-153ee5f88a05","ts":"2025-05-11T21:31:43.862-04:00","source":{"id":"0","name":"eventBus"}}
{"__type":"$$EventMessageAudit","id":"477c3389-ebf0-4aac-a11d-6bfb0f2eb683","ts":"2025-05-11T21:39:16.257-04:00","eventName":"n8n.audit.workflow.updated","message":"n8n.audit.workflow.updated","payload":{"userId":"e7a053b1-2f88-4a8f-8e1d-bef0844dab34","_email":"rj.miklosko@gmail.com","_firstName":"Bob","_lastName":"Miklosko","globalRole":"global:owner","workflowId":"M5Pd9OpRn1pm9wg8","workflowName":"My workflow"}}
{"__type":"$$EventMessageConfirm","confirm":"477c3389-ebf0-4aac-a11d-6bfb0f2eb683","ts":"2025-05-11T21:39:16.258-04:00","source":{"id":"0","name":"eventBus"}}
{"__type":"$$EventMessageAudit","id":"0669d4dc-eb76-4c7b-a847-b986187be495","ts":"2025-05-11T21:44:26.670-04:00","eventName":"n8n.audit.workflow.updated","message":"n8n.audit.workflow.updated","payload":{"userId":"e7a053b1-2f88-4a8f-8e1d-bef0844dab34","_email":"rj.miklosko@gmail.com","_firstName":"Bob","_lastName":"Miklosko","globalRole":"global:owner","workflowId":"M5Pd9OpRn1pm9wg8","workflowName":"My workflow"}}
{"__type":"$$EventMessageConfirm","confirm":"0669d4dc-eb76-4c7b-a847-b986187be495","ts":"2025-05-11T21:44:26.670-04:00","source":{"id":"0","name":"eventBus"}}
{"__type":"$$EventMessageAudit","id":"61bde5b6-efcf-4e49-91a8-7e55967069e0","ts":"2025-05-11T21:44:28.681-04:00","eventName":"n8n.audit.workflow.updated","message":"n8n.audit.workflow.updated","payload":{"userId":"e7a053b1-2f88-4a8f-8e1d-bef0844dab34","_email":"rj.miklosko@gmail.com","_firstName":"Bob","_lastName":"Miklosko","globalRole":"global:owner","workflowId":"M5Pd9OpRn1pm9wg8","workflowName":"My workflow"}}
{"__type":"$$EventMessageConfirm","confirm":"61bde5b6-efcf-4e49-91a8-7e55967069e0","ts":"2025-05-11T21:44:28.681-04:00","source":{"id":"0","name":"eventBus"}}
{"__type":"$$EventMessageAudit","id":"18e8752f-51bc-4912-b3bb-bba1a72d0fa4","ts":"2025-05-11T21:44:31.119-04:00","eventName":"n8n.audit.workflow.updated","message":"n8n.audit.workflow.updated","payload":{"userId":"e7a053b1-2f88-4a8f-8e1d-bef0844dab34","_email":"rj.miklosko@gmail.com","_firstName":"Bob","_lastName":"Miklosko","globalRole":"global:owner","workflowId":"M5Pd9OpRn1pm9wg8","workflowName":"My workflow"}}
{"__type":"$$EventMessageConfirm","confirm":"18e8752f-51bc-4912-b3bb-bba1a72d0fa4","ts":"2025-05-11T21:44:31.120-04:00","source":{"id":"0","name":"eventBus"}}
{"__type":"$$EventMessageWorkflow","id":"e5b51b57-95b1-4ce2-99b6-8963a5f30b0f","ts":"2025-05-11T21:45:11.780-04:00","eventName":"n8n.workflow.started","message":"n8n.workflow.started","payload":{"executionId":"1","workflowId":"M5Pd9OpRn1pm9wg8","isManual":false,"workflowName":"My workflow"}}
{"__type":"$$EventMessageConfirm","confirm":"e5b51b57-95b1-4ce2-99b6-8963a5f30b0f","ts":"2025-05-11T21:45:11.780-04:00","source":{"id":"0","name":"eventBus"}}
{"__type":"$$EventMessageNode","id":"98d728aa-a70a-430b-8512-8e5ecfbfc58c","ts":"2025-05-11T21:45:11.780-04:00","eventName":"n8n.node.started","message":"n8n.node.started","payload":{"workflowId":"M5Pd9OpRn1pm9wg8","workflowName":"My workflow","executionId":"1","nodeType":"n8n-nodes-base.webhook","nodeName":"initial_typebot_intake"}}
{"__type":"$$EventMessageConfirm","confirm":"98d728aa-a70a-430b-8512-8e5ecfbfc58c","ts":"2025-05-11T21:45:11.780-04:00","source":{"id":"0","name":"eventBus"}}
{"__type":"$$EventMessageNode","id":"1ed1e30d-48a9-433a-a98b-01667d3729c9","ts":"2025-05-11T21:45:11.781-04:00","eventName":"n8n.node.finished","message":"n8n.node.finished","payload":{"workflowId":"M5Pd9OpRn1pm9wg8","workflowName":"My workflow","executionId":"1","nodeType":"n8n-nodes-base.webhook","nodeName":"initial_typebot_intake"}}
{"__type":"$$EventMessageConfirm","confirm":"1ed1e30d-48a9-433a-a98b-01667d3729c9","ts":"2025-05-11T21:45:11.781-04:00","source":{"id":"0","name":"eventBus"}}
{"__type":"$$EventMessageWorkflow","id":"a634e2a4-ef15-458a-b410-691367043385","ts":"2025-05-11T21:45:11.781-04:00","eventName":"n8n.workflow.success","message":"n8n.workflow.success","payload":{"executionId":"1","success":true,"isManual":false,"workflowId":"M5Pd9OpRn1pm9wg8","workflowName":"My workflow"}}
{"__type":"$$EventMessageConfirm","confirm":"a634e2a4-ef15-458a-b410-691367043385","ts":"2025-05-11T21:45:11.781-04:00","source":{"id":"0","name":"eventBus"}}
{"__type":"$$EventMessageWorkflow","id":"00c3c0ab-3b44-44b9-9abc-69530be41482","ts":"2025-05-11T21:59:45.802-04:00","eventName":"n8n.workflow.started","message":"n8n.workflow.started","payload":{"executionId":"2","workflowId":"M5Pd9OpRn1pm9wg8","isManual":false,"workflowName":"My workflow"}}
{"__type":"$$EventMessageConfirm","confirm":"00c3c0ab-3b44-44b9-9abc-69530be41482","ts":"2025-05-11T21:59:45.802-04:00","source":{"id":"0","name":"eventBus"}}
{"__type":"$$EventMessageNode","id":"93f4e4ed-e1c1-47c2-add9-95d99e2ef95a","ts":"2025-05-11T21:59:45.802-04:00","eventName":"n8n.node.started","message":"n8n.node.started","payload":{"workflowId":"M5Pd9OpRn1pm9wg8","workflowName":"My workflow","executionId":"2","nodeType":"n8n-nodes-base.webhook","nodeName":"initial_typebot_intake"}}
{"__type":"$$EventMessageConfirm","confirm":"93f4e4ed-e1c1-47c2-add9-95d99e2ef95a","ts":"2025-05-11T21:59:45.802-04:00","source":{"id":"0","name":"eventBus"}}
{"__type":"$$EventMessageNode","id":"f61766d2-451f-42fd-94c0-553cc07f510e","ts":"2025-05-11T21:59:45.802-04:00","eventName":"n8n.node.finished","message":"n8n.node.finished","payload":{"workflowId":"M5Pd9OpRn1pm9wg8","workflowName":"My workflow","executionId":"2","nodeType":"n8n-nodes-base.webhook","nodeName":"initial_typebot_intake"}}
{"__type":"$$EventMessageConfirm","confirm":"f61766d2-451f-42fd-94c0-553cc07f510e","ts":"2025-05-11T21:59:45.802-04:00","source":{"id":"0","name":"eventBus"}}
{"__type":"$$EventMessageWorkflow","id":"1e398f92-4fc4-46f6-89eb-dae03c54e321","ts":"2025-05-11T21:59:45.803-04:00","eventName":"n8n.workflow.success","message":"n8n.workflow.success","payload":{"executionId":"2","success":true,"isManual":false,"workflowId":"M5Pd9OpRn1pm9wg8","workflowName":"My workflow"}}
{"__type":"$$EventMessageConfirm","confirm":"1e398f92-4fc4-46f6-89eb-dae03c54e321","ts":"2025-05-11T21:59:45.803-04:00","source":{"id":"0","name":"eventBus"}}
{"__type":"$$EventMessageAudit","id":"d3809cb3-b460-42fe-a8fe-1c91c6761fe2","ts":"2025-05-11T22:02:00.408-04:00","eventName":"n8n.audit.workflow.updated","message":"n8n.audit.workflow.updated","payload":{"userId":"e7a053b1-2f88-4a8f-8e1d-bef0844dab34","_email":"rj.miklosko@gmail.com","_firstName":"Bob","_lastName":"Miklosko","globalRole":"global:owner","workflowId":"M5Pd9OpRn1pm9wg8","workflowName":"My workflow"}}
{"__type":"$$EventMessageConfirm","confirm":"d3809cb3-b460-42fe-a8fe-1c91c6761fe2","ts":"2025-05-11T22:02:00.409-04:00","source":{"id":"0","name":"eventBus"}}
{"__type":"$$EventMessageAudit","id":"9e79f5bf-2772-46e1-a18b-f085dae767ae","ts":"2025-05-11T22:02:03.995-04:00","eventName":"n8n.audit.workflow.updated","message":"n8n.audit.workflow.updated","payload":{"userId":"e7a053b1-2f88-4a8f-8e1d-bef0844dab34","_email":"rj.miklosko@gmail.com","_firstName":"Bob","_lastName":"Miklosko","globalRole":"global:owner","workflowId":"M5Pd9OpRn1pm9wg8","workflowName":"My workflow"}}
{"__type":"$$EventMessageConfirm","confirm":"9e79f5bf-2772-46e1-a18b-f085dae767ae","ts":"2025-05-11T22:02:03.995-04:00","source":{"id":"0","name":"eventBus"}}
{"__type":"$$EventMessageAudit","id":"eaced6c3-9fef-4bae-a2b4-802219e59199","ts":"2025-05-11T22:02:05.286-04:00","eventName":"n8n.audit.workflow.updated","message":"n8n.audit.workflow.updated","payload":{"userId":"e7a053b1-2f88-4a8f-8e1d-bef0844dab34","_email":"rj.miklosko@gmail.com","_firstName":"Bob","_lastName":"Miklosko","globalRole":"global:owner","workflowId":"M5Pd9OpRn1pm9wg8","workflowName":"My workflow"}}
{"__type":"$$EventMessageConfirm","confirm":"eaced6c3-9fef-4bae-a2b4-802219e59199","ts":"2025-05-11T22:02:05.287-04:00","source":{"id":"0","name":"eventBus"}}
{"__type":"$$EventMessageAudit","id":"3cbb47ff-fa52-4efd-9e91-faa9201df6a8","ts":"2025-05-11T22:02:07.769-04:00","eventName":"n8n.audit.workflow.updated","message":"n8n.audit.workflow.updated","payload":{"userId":"e7a053b1-2f88-4a8f-8e1d-bef0844dab34","_email":"rj.miklosko@gmail.com","_firstName":"Bob","_lastName":"Miklosko","globalRole":"global:owner","workflowId":"M5Pd9OpRn1pm9wg8","workflowName":"My workflow"}}
{"__type":"$$EventMessageConfirm","confirm":"3cbb47ff-fa52-4efd-9e91-faa9201df6a8","ts":"2025-05-11T22:02:07.769-04:00","source":{"id":"0","name":"eventBus"}}
{"__type":"$$EventMessageWorkflow","id":"d903c393-beb1-4b88-a78a-bcba916cdb7d","ts":"2025-05-11T22:02:25.113-04:00","eventName":"n8n.workflow.started","message":"n8n.workflow.started","payload":{"executionId":"3","workflowId":"M5Pd9OpRn1pm9wg8","isManual":false,"workflowName":"My workflow"}}
{"__type":"$$EventMessageConfirm","confirm":"d903c393-beb1-4b88-a78a-bcba916cdb7d","ts":"2025-05-11T22:02:25.113-04:00","source":{"id":"0","name":"eventBus"}}
{"__type":"$$EventMessageNode","id":"ec0affad-aaba-4c24-97ec-e51ac9060e36","ts":"2025-05-11T22:02:25.114-04:00","eventName":"n8n.node.started","message":"n8n.node.started","payload":{"workflowId":"M5Pd9OpRn1pm9wg8","workflowName":"My workflow","executionId":"3","nodeType":"n8n-nodes-base.webhook","nodeName":"initial_typebot_intake"}}
{"__type":"$$EventMessageConfirm","confirm":"ec0affad-aaba-4c24-97ec-e51ac9060e36","ts":"2025-05-11T22:02:25.114-04:00","source":{"id":"0","name":"eventBus"}}
{"__type":"$$EventMessageNode","id":"b60c393e-7431-4843-98f2-6d9f55c57da2","ts":"2025-05-11T22:02:25.114-04:00","eventName":"n8n.node.finished","message":"n8n.node.finished","payload":{"workflowId":"M5Pd9OpRn1pm9wg8","workflowName":"My workflow","executionId":"3","nodeType":"n8n-nodes-base.webhook","nodeName":"initial_typebot_intake"}}
{"__type":"$$EventMessageConfirm","confirm":"b60c393e-7431-4843-98f2-6d9f55c57da2","ts":"2025-05-11T22:02:25.114-04:00","source":{"id":"0","name":"eventBus"}}
{"__type":"$$EventMessageWorkflow","id":"c5b719a5-9bb3-43f2-9b61-e777548b6595","ts":"2025-05-11T22:02:25.114-04:00","eventName":"n8n.workflow.success","message":"n8n.workflow.success","payload":{"executionId":"3","success":true,"isManual":false,"workflowId":"M5Pd9OpRn1pm9wg8","workflowName":"My workflow"}}
{"__type":"$$EventMessageConfirm","confirm":"c5b719a5-9bb3-43f2-9b61-e777548b6595","ts":"2025-05-11T22:02:25.114-04:00","source":{"id":"0","name":"eventBus"}}
{"__type":"$$EventMessageAudit","id":"de6a439a-4699-442b-b50c-aebabf55a049","ts":"2025-05-11T22:05:32.935-04:00","eventName":"n8n.audit.workflow.updated","message":"n8n.audit.workflow.updated","payload":{"userId":"e7a053b1-2f88-4a8f-8e1d-bef0844dab34","_email":"rj.miklosko@gmail.com","_firstName":"Bob","_lastName":"Miklosko","globalRole":"global:owner","workflowId":"M5Pd9OpRn1pm9wg8","workflowName":"My workflow"}}
{"__type":"$$EventMessageConfirm","confirm":"de6a439a-4699-442b-b50c-aebabf55a049","ts":"2025-05-11T22:05:32.935-04:00","source":{"id":"0","name":"eventBus"}}
{"__type":"$$EventMessageAudit","id":"3fa4834e-0069-4b16-9a82-b1fd19315a2b","ts":"2025-05-11T22:05:33.766-04:00","eventName":"n8n.audit.workflow.updated","message":"n8n.audit.workflow.updated","payload":{"userId":"e7a053b1-2f88-4a8f-8e1d-bef0844dab34","_email":"rj.miklosko@gmail.com","_firstName":"Bob","_lastName":"Miklosko","globalRole":"global:owner","workflowId":"M5Pd9OpRn1pm9wg8","workflowName":"My workflow"}}
{"__type":"$$EventMessageConfirm","confirm":"3fa4834e-0069-4b16-9a82-b1fd19315a2b","ts":"2025-05-11T22:05:33.766-04:00","source":{"id":"0","name":"eventBus"}}
{"__type":"$$EventMessageAudit","id":"0f2d520b-4a70-4b6c-8cb3-b659c9f5145d","ts":"2025-05-11T22:05:37.801-04:00","eventName":"n8n.audit.workflow.updated","message":"n8n.audit.workflow.updated","payload":{"userId":"e7a053b1-2f88-4a8f-8e1d-bef0844dab34","_email":"rj.miklosko@gmail.com","_firstName":"Bob","_lastName":"Miklosko","globalRole":"global:owner","workflowId":"M5Pd9OpRn1pm9wg8","workflowName":"My workflow"}}
{"__type":"$$EventMessageConfirm","confirm":"0f2d520b-4a70-4b6c-8cb3-b659c9f5145d","ts":"2025-05-11T22:05:37.801-04:00","source":{"id":"0","name":"eventBus"}}
{"__type":"$$EventMessageWorkflow","id":"589f9677-67f7-4e0f-be24-8e79dc954991","ts":"2025-05-11T22:06:04.616-04:00","eventName":"n8n.workflow.started","message":"n8n.workflow.started","payload":{"executionId":"4","workflowId":"M5Pd9OpRn1pm9wg8","isManual":false,"workflowName":"My workflow"}}
{"__type":"$$EventMessageConfirm","confirm":"589f9677-67f7-4e0f-be24-8e79dc954991","ts":"2025-05-11T22:06:04.616-04:00","source":{"id":"0","name":"eventBus"}}
{"__type":"$$EventMessageNode","id":"0357cb23-c1c3-4df1-89fc-1991cbb57ea2","ts":"2025-05-11T22:06:04.616-04:00","eventName":"n8n.node.started","message":"n8n.node.started","payload":{"workflowId":"M5Pd9OpRn1pm9wg8","workflowName":"My workflow","executionId":"4","nodeType":"n8n-nodes-base.webhook","nodeName":"initial_typebot_intake"}}
{"__type":"$$EventMessageConfirm","confirm":"0357cb23-c1c3-4df1-89fc-1991cbb57ea2","ts":"2025-05-11T22:06:04.616-04:00","source":{"id":"0","name":"eventBus"}}
{"__type":"$$EventMessageNode","id":"2f669989-bab5-488d-88b7-5059c743ce51","ts":"2025-05-11T22:06:04.616-04:00","eventName":"n8n.node.finished","message":"n8n.node.finished","payload":{"workflowId":"M5Pd9OpRn1pm9wg8","workflowName":"My workflow","executionId":"4","nodeType":"n8n-nodes-base.webhook","nodeName":"initial_typebot_intake"}}
{"__type":"$$EventMessageConfirm","confirm":"2f669989-bab5-488d-88b7-5059c743ce51","ts":"2025-05-11T22:06:04.616-04:00","source":{"id":"0","name":"eventBus"}}
{"__type":"$$EventMessageWorkflow","id":"df66c190-f6a4-4f33-8025-2101dd1657e7","ts":"2025-05-11T22:06:04.616-04:00","eventName":"n8n.workflow.success","message":"n8n.workflow.success","payload":{"executionId":"4","success":true,"isManual":false,"workflowId":"M5Pd9OpRn1pm9wg8","workflowName":"My workflow"}}
{"__type":"$$EventMessageConfirm","confirm":"df66c190-f6a4-4f33-8025-2101dd1657e7","ts":"2025-05-11T22:06:04.616-04:00","source":{"id":"0","name":"eventBus"}}
{"__type":"$$EventMessageWorkflow","id":"70f4f149-3778-4224-a3ed-77364b5b8895","ts":"2025-05-11T22:19:23.854-04:00","eventName":"n8n.workflow.started","message":"n8n.workflow.started","payload":{"executionId":"5","workflowId":"M5Pd9OpRn1pm9wg8","isManual":false,"workflowName":"My workflow"}}
{"__type":"$$EventMessageConfirm","confirm":"70f4f149-3778-4224-a3ed-77364b5b8895","ts":"2025-05-11T22:19:23.854-04:00","source":{"id":"0","name":"eventBus"}}
{"__type":"$$EventMessageNode","id":"347219eb-e6b3-41dd-803c-ffd478f942b8","ts":"2025-05-11T22:19:23.855-04:00","eventName":"n8n.node.started","message":"n8n.node.started","payload":{"workflowId":"M5Pd9OpRn1pm9wg8","workflowName":"My workflow","executionId":"5","nodeType":"n8n-nodes-base.webhook","nodeName":"initial_typebot_intake"}}
{"__type":"$$EventMessageConfirm","confirm":"347219eb-e6b3-41dd-803c-ffd478f942b8","ts":"2025-05-11T22:19:23.855-04:00","source":{"id":"0","name":"eventBus"}}
{"__type":"$$EventMessageNode","id":"f580e54f-69d6-493f-81f7-27ed3a0b9725","ts":"2025-05-11T22:19:23.855-04:00","eventName":"n8n.node.finished","message":"n8n.node.finished","payload":{"workflowId":"M5Pd9OpRn1pm9wg8","workflowName":"My workflow","executionId":"5","nodeType":"n8n-nodes-base.webhook","nodeName":"initial_typebot_intake"}}
{"__type":"$$EventMessageConfirm","confirm":"f580e54f-69d6-493f-81f7-27ed3a0b9725","ts":"2025-05-11T22:19:23.855-04:00","source":{"id":"0","name":"eventBus"}}
{"__type":"$$EventMessageWorkflow","id":"a518bd54-6672-4336-b752-9fd73bfaf7eb","ts":"2025-05-11T22:19:23.855-04:00","eventName":"n8n.workflow.success","message":"n8n.workflow.success","payload":{"executionId":"5","success":true,"isManual":false,"workflowId":"M5Pd9OpRn1pm9wg8","workflowName":"My workflow"}}
{"__type":"$$EventMessageConfirm","confirm":"a518bd54-6672-4336-b752-9fd73bfaf7eb","ts":"2025-05-11T22:19:23.855-04:00","source":{"id":"0","name":"eventBus"}}
